<?xml version="1.0" encoding="UTF-8"?>
<!-- Generated by org.testng.reporters.JUnitReportReporter -->
<testsuite hostname="DESKTOP-2GKR4O7" failures="0" tests="6" name="testcases.user.TestCase01_Register" time="5.820" errors="0" timestamp="19 Apr 2023 09:55:09 GMT" skipped="0">
  <testcase classname="testcases.user.TestCase01_Register" name="User_05_Register_Invalid_Password" time="0.278"/>
  <testcase classname="testcases.user.TestCase01_Register" name="User_02_Register_Wrong_Email" time="0.238"/>
  <testcase classname="testcases.user.TestCase01_Register" name="User_01_Register_Empty" time="1.631"/>
  <testcase classname="testcases.user.TestCase01_Register" name="User_04_Register_Existing_Email" time="1.625"/>
  <testcase classname="testcases.user.TestCase01_Register" name="User_03_Register_Success" time="1.918"/>
  <testcase classname="testcases.user.TestCase01_Register" name="User_06_Register_Confirm_Password_Not_Match" time="0.130"/>
</testsuite> <!-- testcases.user.TestCase01_Register -->
